<component name="libraryTable">
  <library name="junit.commons" type="repository">
    <properties maven-id="org.junit:junit-commons:5.0.0-ALPHA" />
    <CLASSES>
      <root url="jar://$MAVEN_REPOSITORY$/org/junit/junit-commons/5.0.0-ALPHA/junit-commons-5.0.0-ALPHA.jar!/" />
    </CLASSES>
    <JAVADOC />
    <SOURCES />
  </library>
</component>